yarn add v1.22.10
[1/4] Resolving packages...
warning Resolution field "jackspeak@2.1.1" is incompatible with requested version "jackspeak@^3.1.2"
warning storybook > @storybook/cli > jscodeshift > temp > rimraf@2.6.3: Rimraf versions prior to v4 are no longer supported
warning @storybook/react-vite > @joshwooding/vite-plugin-react-docgen-typescript > glob@7.2.3: Glob versions prior to v9 are no longer supported
[2/4] Fetching packages...
info fsevents@2.3.2: The platform "win32" is incompatible with this module.
info "fsevents@2.3.2" is an optional dependency and failed compatibility check. Excluding it from installation.
info @esbuild/android-arm@0.17.19: The platform "win32" is incompatible with this module.
info "@esbuild/android-arm@0.17.19" is an optional dependency and failed compatibility check. Excluding it from installation.
info @esbuild/android-arm@0.17.19: The CPU architecture "x64" is incompatible with this module.
info @esbuild/android-arm64@0.17.19: The platform "win32" is incompatible with this module.
info "@esbuild/android-arm64@0.17.19" is an optional dependency and failed compatibility check. Excluding it from installation.
info @esbuild/android-arm64@0.17.19: The CPU architecture "x64" is incompatible with this module.
info @esbuild/android-x64@0.17.19: The platform "win32" is incompatible with this module.
info "@esbuild/android-x64@0.17.19" is an optional dependency and failed compatibility check. Excluding it from installation.
info @esbuild/darwin-arm64@0.17.19: The platform "win32" is incompatible with this module.
info "@esbuild/darwin-arm64@0.17.19" is an optional dependency and failed compatibility check. Excluding it from installation.
info @esbuild/darwin-arm64@0.17.19: The CPU architecture "x64" is incompatible with this module.
info @esbuild/darwin-x64@0.17.19: The platform "win32" is incompatible with this module.
info "@esbuild/darwin-x64@0.17.19" is an optional dependency and failed compatibility check. Excluding it from installation.
info @esbuild/freebsd-arm64@0.17.19: The platform "win32" is incompatible with this module.
info "@esbuild/freebsd-arm64@0.17.19" is an optional dependency and failed compatibility check. Excluding it from installation.
info @esbuild/freebsd-arm64@0.17.19: The CPU architecture "x64" is incompatible with this module.
info @esbuild/freebsd-x64@0.17.19: The platform "win32" is incompatible with this module.
info "@esbuild/freebsd-x64@0.17.19" is an optional dependency and failed compatibility check. Excluding it from installation.
info @esbuild/linux-arm@0.17.19: The platform "win32" is incompatible with this module.
info "@esbuild/linux-arm@0.17.19" is an optional dependency and failed compatibility check. Excluding it from installation.
info @esbuild/linux-arm@0.17.19: The CPU architecture "x64" is incompatible with this module.
info @esbuild/linux-arm64@0.17.19: The platform "win32" is incompatible with this module.
info "@esbuild/linux-arm64@0.17.19" is an optional dependency and failed compatibility check. Excluding it from installation.
info @esbuild/linux-arm64@0.17.19: The CPU architecture "x64" is incompatible with this module.
info @esbuild/linux-ia32@0.17.19: The platform "win32" is incompatible with this module.
info "@esbuild/linux-ia32@0.17.19" is an optional dependency and failed compatibility check. Excluding it from installation.
info @esbuild/linux-ia32@0.17.19: The CPU architecture "x64" is incompatible with this module.
info @esbuild/linux-loong64@0.17.19: The platform "win32" is incompatible with this module.
info "@esbuild/linux-loong64@0.17.19" is an optional dependency and failed compatibility check. Excluding it from installation.
info @esbuild/linux-loong64@0.17.19: The CPU architecture "x64" is incompatible with this module.
info @esbuild/linux-mips64el@0.17.19: The platform "win32" is incompatible with this module.
info "@esbuild/linux-mips64el@0.17.19" is an optional dependency and failed compatibility check. Excluding it from installation.
info @esbuild/linux-mips64el@0.17.19: The CPU architecture "x64" is incompatible with this module.
info @esbuild/linux-ppc64@0.17.19: The platform "win32" is incompatible with this module.
info "@esbuild/linux-ppc64@0.17.19" is an optional dependency and failed compatibility check. Excluding it from installation.
info @esbuild/linux-ppc64@0.17.19: The CPU architecture "x64" is incompatible with this module.
info @esbuild/linux-riscv64@0.17.19: The platform "win32" is incompatible with this module.
info "@esbuild/linux-riscv64@0.17.19" is an optional dependency and failed compatibility check. Excluding it from installation.
info @esbuild/linux-riscv64@0.17.19: The CPU architecture "x64" is incompatible with this module.
info @esbuild/linux-s390x@0.17.19: The platform "win32" is incompatible with this module.
info "@esbuild/linux-s390x@0.17.19" is an optional dependency and failed compatibility check. Excluding it from installation.
info @esbuild/linux-s390x@0.17.19: The CPU architecture "x64" is incompatible with this module.
info @esbuild/linux-x64@0.17.19: The platform "win32" is incompatible with this module.
info "@esbuild/linux-x64@0.17.19" is an optional dependency and failed compatibility check. Excluding it from installation.
info @esbuild/netbsd-x64@0.17.19: The platform "win32" is incompatible with this module.
info "@esbuild/netbsd-x64@0.17.19" is an optional dependency and failed compatibility check. Excluding it from installation.
info @esbuild/openbsd-x64@0.17.19: The platform "win32" is incompatible with this module.
info "@esbuild/openbsd-x64@0.17.19" is an optional dependency and failed compatibility check. Excluding it from installation.
info @esbuild/sunos-x64@0.17.19: The platform "win32" is incompatible with this module.
info "@esbuild/sunos-x64@0.17.19" is an optional dependency and failed compatibility check. Excluding it from installation.
info @esbuild/win32-arm64@0.17.19: The CPU architecture "x64" is incompatible with this module.
info "@esbuild/win32-arm64@0.17.19" is an optional dependency and failed compatibility check. Excluding it from installation.
info @esbuild/win32-ia32@0.17.19: The CPU architecture "x64" is incompatible with this module.
info "@esbuild/win32-ia32@0.17.19" is an optional dependency and failed compatibility check. Excluding it from installation.
info @esbuild/aix-ppc64@0.20.2: The platform "win32" is incompatible with this module.
info "@esbuild/aix-ppc64@0.20.2" is an optional dependency and failed compatibility check. Excluding it from installation.
info @esbuild/aix-ppc64@0.20.2: The CPU architecture "x64" is incompatible with this module.
info @esbuild/android-arm@0.20.2: The platform "win32" is incompatible with this module.
info "@esbuild/android-arm@0.20.2" is an optional dependency and failed compatibility check. Excluding it from installation.
info @esbuild/android-arm@0.20.2: The CPU architecture "x64" is incompatible with this module.
info @esbuild/android-x64@0.20.2: The platform "win32" is incompatible with this module.
info "@esbuild/android-x64@0.20.2" is an optional dependency and failed compatibility check. Excluding it from installation.
info @esbuild/android-arm64@0.20.2: The platform "win32" is incompatible with this module.
info "@esbuild/android-arm64@0.20.2" is an optional dependency and failed compatibility check. Excluding it from installation.
info @esbuild/android-arm64@0.20.2: The CPU architecture "x64" is incompatible with this module.
info @esbuild/darwin-x64@0.20.2: The platform "win32" is incompatible with this module.
info "@esbuild/darwin-x64@0.20.2" is an optional dependency and failed compatibility check. Excluding it from installation.
info @esbuild/linux-arm@0.20.2: The platform "win32" is incompatible with this module.
info "@esbuild/linux-arm@0.20.2" is an optional dependency and failed compatibility check. Excluding it from installation.
info @esbuild/linux-arm@0.20.2: The CPU architecture "x64" is incompatible with this module.
info @esbuild/freebsd-arm64@0.20.2: The platform "win32" is incompatible with this module.
info "@esbuild/freebsd-arm64@0.20.2" is an optional dependency and failed compatibility check. Excluding it from installation.
info @esbuild/freebsd-arm64@0.20.2: The CPU architecture "x64" is incompatible with this module.
info @esbuild/freebsd-x64@0.20.2: The platform "win32" is incompatible with this module.
info "@esbuild/freebsd-x64@0.20.2" is an optional dependency and failed compatibility check. Excluding it from installation.
info @esbuild/linux-arm64@0.20.2: The platform "win32" is incompatible with this module.
info "@esbuild/linux-arm64@0.20.2" is an optional dependency and failed compatibility check. Excluding it from installation.
info @esbuild/linux-arm64@0.20.2: The CPU architecture "x64" is incompatible with this module.
info @esbuild/linux-mips64el@0.20.2: The platform "win32" is incompatible with this module.
info "@esbuild/linux-mips64el@0.20.2" is an optional dependency and failed compatibility check. Excluding it from installation.
info @esbuild/linux-mips64el@0.20.2: The CPU architecture "x64" is incompatible with this module.
info @esbuild/linux-loong64@0.20.2: The platform "win32" is incompatible with this module.
info "@esbuild/linux-loong64@0.20.2" is an optional dependency and failed compatibility check. Excluding it from installation.
info @esbuild/linux-loong64@0.20.2: The CPU architecture "x64" is incompatible with this module.
info @esbuild/linux-ia32@0.20.2: The platform "win32" is incompatible with this module.
info "@esbuild/linux-ia32@0.20.2" is an optional dependency and failed compatibility check. Excluding it from installation.
info @esbuild/linux-ia32@0.20.2: The CPU architecture "x64" is incompatible with this module.
info @esbuild/darwin-arm64@0.20.2: The platform "win32" is incompatible with this module.
info "@esbuild/darwin-arm64@0.20.2" is an optional dependency and failed compatibility check. Excluding it from installation.
info @esbuild/darwin-arm64@0.20.2: The CPU architecture "x64" is incompatible with this module.
info @esbuild/linux-ppc64@0.20.2: The platform "win32" is incompatible with this module.
info "@esbuild/linux-ppc64@0.20.2" is an optional dependency and failed compatibility check. Excluding it from installation.
info @esbuild/linux-ppc64@0.20.2: The CPU architecture "x64" is incompatible with this module.
info @esbuild/sunos-x64@0.20.2: The platform "win32" is incompatible with this module.
info "@esbuild/sunos-x64@0.20.2" is an optional dependency and failed compatibility check. Excluding it from installation.
info @esbuild/openbsd-x64@0.20.2: The platform "win32" is incompatible with this module.
info "@esbuild/openbsd-x64@0.20.2" is an optional dependency and failed compatibility check. Excluding it from installation.
info @esbuild/netbsd-x64@0.20.2: The platform "win32" is incompatible with this module.
info "@esbuild/netbsd-x64@0.20.2" is an optional dependency and failed compatibility check. Excluding it from installation.
info @esbuild/linux-x64@0.20.2: The platform "win32" is incompatible with this module.
info "@esbuild/linux-x64@0.20.2" is an optional dependency and failed compatibility check. Excluding it from installation.
info @esbuild/linux-riscv64@0.20.2: The platform "win32" is incompatible with this module.
info "@esbuild/linux-riscv64@0.20.2" is an optional dependency and failed compatibility check. Excluding it from installation.
info @esbuild/linux-riscv64@0.20.2: The CPU architecture "x64" is incompatible with this module.
info @esbuild/linux-s390x@0.20.2: The platform "win32" is incompatible with this module.
info "@esbuild/linux-s390x@0.20.2" is an optional dependency and failed compatibility check. Excluding it from installation.
info @esbuild/linux-s390x@0.20.2: The CPU architecture "x64" is incompatible with this module.
info @esbuild/win32-arm64@0.20.2: The CPU architecture "x64" is incompatible with this module.
info "@esbuild/win32-arm64@0.20.2" is an optional dependency and failed compatibility check. Excluding it from installation.
info @esbuild/win32-ia32@0.20.2: The CPU architecture "x64" is incompatible with this module.
info "@esbuild/win32-ia32@0.20.2" is an optional dependency and failed compatibility check. Excluding it from installation.
error @chromatic-com/storybook@1.4.0: The engine "yarn" is incompatible with this module. Expected version ">=1.22.18". Got "1.22.10"
error Found incompatible module.
info Visit https://yarnpkg.com/en/docs/cli/add for documentation about this command.
